build/jsb-default/frameworks/runtime-src/proj.android-studio/app/build/outputs/logs/manifest-merger-debug-report.txt
-- Merging decision tree log ---
manifest
ADDED from proj.android-studio/app/AndroidManifest.xml:2:1-48:12
	package
		ADDED from proj.android-studio/app/AndroidManifest.xml:3:5-37
		INJECTED from proj.android-studio/app/AndroidManifest.xml
		INJECTED from proj.android-studio/app/AndroidManifest.xml
	android:versionName
		INJECTED from proj.android-studio/app/AndroidManifest.xml
		INJECTED from proj.android-studio/app/AndroidManifest.xml
	xmlns:android
		ADDED from proj.android-studio/app/AndroidManifest.xml:2:11-69
	android:versionCode
		INJECTED from proj.android-studio/app/AndroidManifest.xml
		INJECTED from proj.android-studio/app/AndroidManifest.xml
	android:installLocation
		ADDED from proj.android-studio/app/AndroidManifest.xml:4:5-35
uses-feature#0x00020000
ADDED from proj.android-studio/app/AndroidManifest.xml:6:5-54
	android:glEsVersion
		ADDED from proj.android-studio/app/AndroidManifest.xml:6:19-51
application
ADDED from proj.android-studio/app/AndroidManifest.xml:8:5-35:19
MERGED from [com.vdopia.ads.lw:coresdk:2.5.2.12] AndroidManifest.xml:23:5-33:19
MERGED from [com.vdopia.ads.lw:adcolony-adapter:1.0.5] AndroidManifest.xml:23:5-34:19
MERGED from [com.vdopia.ads.lw:applovin-adapter:1.0.5] AndroidManifest.xml:23:5-32:19
MERGED from [com.vdopia.ads.lw:baidu-adapter:1.0.5] AndroidManifest.xml:29:5-70:19
MERGED from [com.vdopia.ads.lw:chartboost-adapter:1.0.7] AndroidManifest.xml:23:5-32:19
MERGED from [com.vdopia.ads.lw:facebook-adapter:1.0.5] AndroidManifest.xml:23:5-24:19
MERGED from [com.facebook.android:audience-network-sdk:4.28.0] AndroidManifest.xml:14:5-18:19
MERGED from [com.vdopia.ads.lw:google-adapter:1.0.5] AndroidManifest.xml:23:5-24:19
MERGED from [com.vdopia.ads.lw:inmobi-adapter:1.0.5] AndroidManifest.xml:24:5-34:19
MERGED from [com.vdopia.ads.lw:ironsrc-adapter:1.0.5] AndroidManifest.xml:14:5-31:19
MERGED from [com.vdopia.ads.lw:loopme-adapter:1.0.5] AndroidManifest.xml:29:5-30:19
MERGED from [com.loopme:loopme-sdk:5.2.7] AndroidManifest.xml:25:5-40:19
MERGED from [com.vdopia.ads.lw:cocos2dx-plugin:1.0.3] AndroidManifest.xml:14:5-15:19
MERGED from [com.vdopia.ads.lw:mopub-adapter:1.0.6] AndroidManifest.xml:24:5-42:19
MERGED from [com.mopub:mopub-sdk:4.19.0] AndroidManifest.xml:11:5-20
MERGED from [com.mopub:mopub-sdk-banner:4.19.0] AndroidManifest.xml:11:5-20
MERGED from [com.mopub:mopub-sdk-rewardedvideo:4.19.0] AndroidManifest.xml:11:5-20
MERGED from [com.mopub:mopub-sdk-interstitial:4.19.0] AndroidManifest.xml:11:5-20
MERGED from [com.mopub:mopub-sdk-native-video:4.19.0] AndroidManifest.xml:11:5-20
MERGED from [com.mopub:mopub-sdk-native-static:4.19.0] AndroidManifest.xml:11:5-20
MERGED from [com.mopub:mopub-sdk-base:4.19.0] AndroidManifest.xml:11:5-20
MERGED from [com.vdopia.ads.lw:tapjoy-adapter:1.0.5] AndroidManifest.xml:23:5-42:19
MERGED from [com.vdopia.ads.lw:unity-adapter:1.0.7] AndroidManifest.xml:23:5-46:19
MERGED from [com.vdopia.ads.lw:vungle-adapter:1.0.5] AndroidManifest.xml:23:5-34:19
MERGED from [com.vdopia.ads.lw:yahoo-adapter:1.0.5] AndroidManifest.xml:23:5-24:19
MERGED from [com.google.android.gms:play-services-ads-lite:11.6.2] AndroidManifest.xml:23:5-26:19
MERGED from [com.google.android.gms:play-services-ads-lite-license:11.6.2] AndroidManifest.xml:5:5-20
MERGED from [com.google.android.gms:play-services-gass:11.6.2] AndroidManifest.xml:4:5-19
MERGED from [com.google.android.gms:play-services-basement:11.6.2] AndroidManifest.xml:19:5-21:19
MERGED from [com.google.android.gms:play-services-basement-license:11.6.2] AndroidManifest.xml:5:5-20
MERGED from [com.google.android.gms:play-services-gass-license:11.6.2] AndroidManifest.xml:5:5-20
MERGED from [com.google.android.gms:play-services-ads-license:11.6.2] AndroidManifest.xml:5:5-20
MERGED from [com.devbrackets.android:exomedia:4.0.3] AndroidManifest.xml:12:5-20
MERGED from [com.android.support:appcompat-v7:25.0.0] AndroidManifest.xml:25:5-20
MERGED from [com.android.support:support-v4:25.0.0] AndroidManifest.xml:25:5-20
MERGED from [com.android.support:support-fragment:25.0.0] AndroidManifest.xml:25:5-20
MERGED from [com.android.support:support-media-compat:25.0.0] AndroidManifest.xml:25:5-20
MERGED from [com.android.support:support-core-ui:25.0.0] AndroidManifest.xml:25:5-20
MERGED from [com.android.support:animated-vector-drawable:25.0.0] AndroidManifest.xml:22:5-20
MERGED from [com.android.support:support-vector-drawable:25.0.0] AndroidManifest.xml:23:5-20
MERGED from [com.android.support:palette-v7:25.0.0] AndroidManifest.xml:22:5-23:19
MERGED from [com.android.support:support-core-utils:25.0.0] AndroidManifest.xml:25:5-20
MERGED from [com.android.support:support-compat:25.0.0] AndroidManifest.xml:25:5-20
	android:label
		ADDED from proj.android-studio/app/AndroidManifest.xml:10:9-41
	android:hardwareAccelerated
		ADDED from [com.vdopia.ads.lw:coresdk:2.5.2.12] AndroidManifest.xml:23:18-52
	android:allowBackup
		ADDED from proj.android-studio/app/AndroidManifest.xml:9:9-35
	android:icon
		ADDED from proj.android-studio/app/AndroidManifest.xml:11:9-43
	android:name
		ADDED from proj.android-studio/app/AndroidManifest.xml:12:9-68
meta-data#android.app.lib_name
ADDED from proj.android-studio/app/AndroidManifest.xml:15:9-16:48
	android:value
		ADDED from proj.android-studio/app/AndroidManifest.xml:16:20-45
	android:name
		ADDED from proj.android-studio/app/AndroidManifest.xml:15:20-55
activity#org.cocos2dx.javascript.AppActivity
ADDED from proj.android-studio/app/AndroidManifest.xml:18:9-29:20
	android:screenOrientation
		ADDED from proj.android-studio/app/AndroidManifest.xml:20:13-56
	android:label
		ADDED from proj.android-studio/app/AndroidManifest.xml:22:13-45
	android:configChanges
		ADDED from proj.android-studio/app/AndroidManifest.xml:21:13-74
	android:theme
		ADDED from proj.android-studio/app/AndroidManifest.xml:23:13-71
	android:name
		ADDED from proj.android-studio/app/AndroidManifest.xml:19:13-63
intent-filter#android.intent.action.MAIN+android.intent.category.LAUNCHER
ADDED from proj.android-studio/app/AndroidManifest.xml:24:13-28:29
action#android.intent.action.MAIN
ADDED from proj.android-studio/app/AndroidManifest.xml:25:17-69
	android:name
		ADDED from proj.android-studio/app/AndroidManifest.xml:25:25-66
category#android.intent.category.LAUNCHER
ADDED from proj.android-studio/app/AndroidManifest.xml:27:17-77
	android:name
		ADDED from proj.android-studio/app/AndroidManifest.xml:27:27-74
meta-data#app_license
ADDED from proj.android-studio/app/AndroidManifest.xml:30:9-31:63
	android:value
		ADDED from proj.android-studio/app/AndroidManifest.xml:31:13-61
	android:name
		ADDED from proj.android-studio/app/AndroidManifest.xml:30:20-46
provider#com.duapps.ad.stats.DuAdCacheProvider
ADDED from proj.android-studio/app/AndroidManifest.xml:32:9-34:50
	android:authorities
		ADDED from proj.android-studio/app/AndroidManifest.xml:33:13-69
		INJECTED from proj.android-studio/app/AndroidManifest.xml
	android:exported
		ADDED from proj.android-studio/app/AndroidManifest.xml:34:13-37
	android:name
		ADDED from proj.android-studio/app/AndroidManifest.xml:32:19-71
uses-permission#android.permission.INTERNET
ADDED from proj.android-studio/app/AndroidManifest.xml:37:5-66
MERGED from [com.vdopia.ads.lw:coresdk:2.5.2.12] AndroidManifest.xml:11:5-67
MERGED from [com.vdopia.ads.lw:adcolony-adapter:1.0.5] AndroidManifest.xml:11:5-67
MERGED from [com.vdopia.ads.lw:applovin-adapter:1.0.5] AndroidManifest.xml:11:5-67
MERGED from [com.vdopia.ads.lw:baidu-adapter:1.0.5] AndroidManifest.xml:12:5-67
MERGED from [com.vdopia.ads.lw:chartboost-adapter:1.0.7] AndroidManifest.xml:11:5-67
MERGED from [com.vdopia.ads.lw:facebook-adapter:1.0.5] AndroidManifest.xml:11:5-67
MERGED from [com.facebook.android:audience-network-sdk:4.28.0] AndroidManifest.xml:11:5-67
MERGED from [com.vdopia.ads.lw:google-adapter:1.0.5] AndroidManifest.xml:11:5-67
MERGED from [com.vdopia.ads.lw:inmobi-adapter:1.0.5] AndroidManifest.xml:12:5-67
MERGED from [com.vdopia.ads.lw:ironsrc-adapter:1.0.5] AndroidManifest.xml:11:5-67
MERGED from [com.vdopia.ads.lw:loopme-adapter:1.0.5] AndroidManifest.xml:13:5-67
MERGED from [com.loopme:loopme-sdk:5.2.7] AndroidManifest.xml:13:5-67
MERGED from [com.vdopia.ads.lw:cocos2dx-plugin:1.0.3] AndroidManifest.xml:11:5-67
MERGED from [com.vdopia.ads.lw:mopub-adapter:1.0.6] AndroidManifest.xml:12:5-67
MERGED from [com.vdopia.ads.lw:tapjoy-adapter:1.0.5] AndroidManifest.xml:11:5-67
MERGED from [com.vdopia.ads.lw:unity-adapter:1.0.7] AndroidManifest.xml:11:5-67
MERGED from [com.vdopia.ads.lw:vungle-adapter:1.0.5] AndroidManifest.xml:11:5-67
MERGED from [com.vdopia.ads.lw:yahoo-adapter:1.0.5] AndroidManifest.xml:11:5-67
MERGED from [com.google.android.gms:play-services-ads-lite:11.6.2] AndroidManifest.xml:19:5-66
	android:name
		ADDED from proj.android-studio/app/AndroidManifest.xml:37:22-64
uses-permission#android.permission.CHANGE_NETWORK_STATE
ADDED from proj.android-studio/app/AndroidManifest.xml:38:5-78
	android:name
		ADDED from proj.android-studio/app/AndroidManifest.xml:38:22-76
uses-permission#android.permission.CHANGE_WIFI_STATE
ADDED from proj.android-studio/app/AndroidManifest.xml:39:5-75
MERGED from [com.vdopia.ads.lw:coresdk:2.5.2.12] AndroidManifest.xml:14:5-76
MERGED from [com.vdopia.ads.lw:adcolony-adapter:1.0.5] AndroidManifest.xml:14:5-76
MERGED from [com.vdopia.ads.lw:applovin-adapter:1.0.5] AndroidManifest.xml:14:5-76
MERGED from [com.vdopia.ads.lw:chartboost-adapter:1.0.7] AndroidManifest.xml:14:5-76
MERGED from [com.vdopia.ads.lw:facebook-adapter:1.0.5] AndroidManifest.xml:14:5-76
MERGED from [com.vdopia.ads.lw:google-adapter:1.0.5] AndroidManifest.xml:14:5-76
MERGED from [com.vdopia.ads.lw:inmobi-adapter:1.0.5] AndroidManifest.xml:15:5-76
MERGED from [com.vdopia.ads.lw:mopub-adapter:1.0.6] AndroidManifest.xml:15:5-76
MERGED from [com.vdopia.ads.lw:tapjoy-adapter:1.0.5] AndroidManifest.xml:14:5-76
MERGED from [com.vdopia.ads.lw:unity-adapter:1.0.7] AndroidManifest.xml:14:5-76
MERGED from [com.vdopia.ads.lw:vungle-adapter:1.0.5] AndroidManifest.xml:14:5-76
MERGED from [com.vdopia.ads.lw:yahoo-adapter:1.0.5] AndroidManifest.xml:14:5-76
	android:name
		ADDED from proj.android-studio/app/AndroidManifest.xml:39:22-73
uses-permission#android.permission.ACCESS_NETWORK_STATE
ADDED from proj.android-studio/app/AndroidManifest.xml:40:5-78
MERGED from [com.vdopia.ads.lw:coresdk:2.5.2.12] AndroidManifest.xml:12:5-79
MERGED from [com.vdopia.ads.lw:adcolony-adapter:1.0.5] AndroidManifest.xml:12:5-79
MERGED from [com.vdopia.ads.lw:applovin-adapter:1.0.5] AndroidManifest.xml:12:5-79
MERGED from [com.vdopia.ads.lw:baidu-adapter:1.0.5] AndroidManifest.xml:13:5-79
MERGED from [com.vdopia.ads.lw:chartboost-adapter:1.0.7] AndroidManifest.xml:12:5-79
MERGED from [com.vdopia.ads.lw:facebook-adapter:1.0.5] AndroidManifest.xml:12:5-79
MERGED from [com.facebook.android:audience-network-sdk:4.28.0] AndroidManifest.xml:12:5-79
MERGED from [com.vdopia.ads.lw:google-adapter:1.0.5] AndroidManifest.xml:12:5-79
MERGED from [com.vdopia.ads.lw:inmobi-adapter:1.0.5] AndroidManifest.xml:13:5-79
MERGED from [com.vdopia.ads.lw:ironsrc-adapter:1.0.5] AndroidManifest.xml:12:5-79
MERGED from [com.vdopia.ads.lw:loopme-adapter:1.0.5] AndroidManifest.xml:14:5-79
MERGED from [com.loopme:loopme-sdk:5.2.7] AndroidManifest.xml:14:5-79
MERGED from [com.vdopia.ads.lw:cocos2dx-plugin:1.0.3] AndroidManifest.xml:12:5-79
MERGED from [com.vdopia.ads.lw:mopub-adapter:1.0.6] AndroidManifest.xml:13:5-79
MERGED from [com.vdopia.ads.lw:tapjoy-adapter:1.0.5] AndroidManifest.xml:12:5-79
MERGED from [com.vdopia.ads.lw:unity-adapter:1.0.7] AndroidManifest.xml:12:5-79
MERGED from [com.vdopia.ads.lw:vungle-adapter:1.0.5] AndroidManifest.xml:12:5-79
MERGED from [com.vdopia.ads.lw:yahoo-adapter:1.0.5] AndroidManifest.xml:12:5-79
MERGED from [com.google.android.gms:play-services-ads-lite:11.6.2] AndroidManifest.xml:20:5-78
	android:name
		ADDED from proj.android-studio/app/AndroidManifest.xml:40:22-76
uses-permission#android.permission.ACCESS_WIFI_STATE
ADDED from proj.android-studio/app/AndroidManifest.xml:41:5-75
MERGED from [com.vdopia.ads.lw:coresdk:2.5.2.12] AndroidManifest.xml:13:5-76
MERGED from [com.vdopia.ads.lw:adcolony-adapter:1.0.5] AndroidManifest.xml:13:5-76
MERGED from [com.vdopia.ads.lw:applovin-adapter:1.0.5] AndroidManifest.xml:13:5-76
MERGED from [com.vdopia.ads.lw:baidu-adapter:1.0.5] AndroidManifest.xml:11:5-76
MERGED from [com.vdopia.ads.lw:chartboost-adapter:1.0.7] AndroidManifest.xml:13:5-76
MERGED from [com.vdopia.ads.lw:facebook-adapter:1.0.5] AndroidManifest.xml:13:5-76
MERGED from [com.vdopia.ads.lw:google-adapter:1.0.5] AndroidManifest.xml:13:5-76
MERGED from [com.vdopia.ads.lw:inmobi-adapter:1.0.5] AndroidManifest.xml:14:5-76
MERGED from [com.vdopia.ads.lw:loopme-adapter:1.0.5] AndroidManifest.xml:15:5-76
MERGED from [com.loopme:loopme-sdk:5.2.7] AndroidManifest.xml:15:5-76
MERGED from [com.vdopia.ads.lw:mopub-adapter:1.0.6] AndroidManifest.xml:14:5-76
MERGED from [com.vdopia.ads.lw:tapjoy-adapter:1.0.5] AndroidManifest.xml:13:5-76
MERGED from [com.vdopia.ads.lw:unity-adapter:1.0.7] AndroidManifest.xml:13:5-76
MERGED from [com.vdopia.ads.lw:vungle-adapter:1.0.5] AndroidManifest.xml:13:5-76
MERGED from [com.vdopia.ads.lw:yahoo-adapter:1.0.5] AndroidManifest.xml:13:5-76
	android:name
		ADDED from proj.android-studio/app/AndroidManifest.xml:41:22-73
uses-permission#android.permission.MOUNT_UNMOUNT_FILESYSTEMS
ADDED from proj.android-studio/app/AndroidManifest.xml:43:5-83
	android:name
		ADDED from proj.android-studio/app/AndroidManifest.xml:43:22-81
uses-permission#android.permission.WRITE_EXTERNAL_STORAGE
ADDED from proj.android-studio/app/AndroidManifest.xml:44:5-80
MERGED from [com.loopme:loopme-sdk:5.2.7] AndroidManifest.xml:21:5-81
	android:name
		ADDED from proj.android-studio/app/AndroidManifest.xml:44:22-78
uses-permission#android.permission.RESTART_PACKAGES
ADDED from proj.android-studio/app/AndroidManifest.xml:45:5-75
	android:name
		ADDED from proj.android-studio/app/AndroidManifest.xml:45:22-72
uses-permission#android.permission.KILL_BACKGROUND_PROCESSES
ADDED from proj.android-studio/app/AndroidManifest.xml:46:5-84
	android:name
		ADDED from proj.android-studio/app/AndroidManifest.xml:46:22-81
uses-sdk
INJECTED from proj.android-studio/app/AndroidManifest.xml reason: use-sdk injection requested
MERGED from [com.android.support:multidex:1.0.1] AndroidManifest.xml:18:5-42
MERGED from [proj.android-studio:libcocos2dx:unspecified] AndroidManifest.xml:7:5-9:41
MERGED from [com.vdopia.ads.lw:coresdk:2.5.2.12] AndroidManifest.xml:7:5-9:41
MERGED from [com.vdopia.ads.lw:adcolony-adapter:1.0.5] AndroidManifest.xml:7:5-9:41
MERGED from [com.adcolony:sdk:3.2.1] AndroidManifest.xml:7:5-9:41
MERGED from [com.vdopia.ads.lw:applovin-adapter:1.0.5] AndroidManifest.xml:7:5-9:41
MERGED from [com.vdopia.ads.lw:baidu-adapter:1.0.5] AndroidManifest.xml:7:5-9:41
MERGED from [com.vdopia.ads.lw:chartboost-adapter:1.0.7] AndroidManifest.xml:7:5-9:41
MERGED from [com.vdopia.ads.lw:facebook-adapter:1.0.5] AndroidManifest.xml:7:5-9:41
MERGED from [com.facebook.android:audience-network-sdk:4.28.0] AndroidManifest.xml:7:5-9:41
MERGED from [com.vdopia.ads.lw:google-adapter:1.0.5] AndroidManifest.xml:7:5-9:41
MERGED from [com.vdopia.ads.lw:inmobi-adapter:1.0.5] AndroidManifest.xml:8:5-10:41
MERGED from [com.vdopia.ads.lw:ironsrc-adapter:1.0.5] AndroidManifest.xml:7:5-9:41
MERGED from [com.vdopia.ads.lw:loopme-adapter:1.0.5] AndroidManifest.xml:8:5-11:46
MERGED from [com.loopme:loopme-sdk:5.2.7] AndroidManifest.xml:8:5-10:41
MERGED from [com.vdopia.ads.lw:cocos2dx-plugin:1.0.3] AndroidManifest.xml:7:5-9:41
MERGED from [com.vdopia.ads.lw:mopub-adapter:1.0.6] AndroidManifest.xml:8:5-10:41
MERGED from [com.mopub:mopub-sdk:4.19.0] AndroidManifest.xml:7:5-9:41
MERGED from [com.mopub:mopub-sdk-banner:4.19.0] AndroidManifest.xml:7:5-9:41
MERGED from [com.mopub:mopub-sdk-rewardedvideo:4.19.0] AndroidManifest.xml:7:5-9:41
MERGED from [com.mopub:mopub-sdk-interstitial:4.19.0] AndroidManifest.xml:7:5-9:41
MERGED from [com.mopub:mopub-sdk-native-video:4.19.0] AndroidManifest.xml:7:5-9:41
MERGED from [com.mopub:mopub-sdk-native-static:4.19.0] AndroidManifest.xml:7:5-9:41
MERGED from [com.mopub:mopub-sdk-base:4.19.0] AndroidManifest.xml:7:5-9:41
MERGED from [com.android.support:recyclerview-v7:25.0.0] AndroidManifest.xml:20:5-43
MERGED from [com.google.android.exoplayer:exoplayer:r2.4.4] AndroidManifest.xml:21:5-23:41
MERGED from [com.google.android.exoplayer:exoplayer-ui:r2.4.4] AndroidManifest.xml:21:5-23:41
MERGED from [com.vdopia.ads.lw:tapjoy-adapter:1.0.5] AndroidManifest.xml:7:5-9:41
MERGED from [com.vdopia.ads.lw:unity-adapter:1.0.7] AndroidManifest.xml:7:5-9:41
MERGED from [com.vdopia.ads.lw:vungle-adapter:1.0.5] AndroidManifest.xml:7:5-9:41
MERGED from [com.vdopia.ads.lw:yahoo-adapter:1.0.5] AndroidManifest.xml:7:5-9:41
MERGED from [com.google.android.gms:play-services-ads:11.6.2] AndroidManifest.xml:17:5-94
MERGED from [com.google.android.gms:play-services-ads-lite:11.6.2] AndroidManifest.xml:22:5-43
MERGED from [com.google.android.gms:play-services-ads-lite-license:11.6.2] AndroidManifest.xml:4:5-43
MERGED from [com.google.android.gms:play-services-gass:11.6.2] AndroidManifest.xml:3:5-43
MERGED from [com.google.android.gms:play-services-basement:11.6.2] AndroidManifest.xml:17:5-43
MERGED from [com.google.android.gms:play-services-basement-license:11.6.2] AndroidManifest.xml:4:5-43
MERGED from [com.google.android.gms:play-services-gass-license:11.6.2] AndroidManifest.xml:4:5-43
MERGED from [com.google.android.gms:play-services-ads-license:11.6.2] AndroidManifest.xml:4:5-43
MERGED from [com.devbrackets.android:exomedia:4.0.3] AndroidManifest.xml:8:5-10:41
MERGED from [com.android.support:appcompat-v7:25.0.0] AndroidManifest.xml:21:5-23:78
MERGED from [com.android.support:support-v4:25.0.0] AndroidManifest.xml:21:5-23:54
MERGED from [com.android.support:support-fragment:25.0.0] AndroidManifest.xml:21:5-23:60
MERGED from [com.android.support:support-media-compat:25.0.0] AndroidManifest.xml:21:5-23:63
MERGED from [com.android.support:support-core-ui:25.0.0] AndroidManifest.xml:21:5-23:58
MERGED from [com.android.support:animated-vector-drawable:25.0.0] AndroidManifest.xml:20:5-44
MERGED from [com.android.support:support-vector-drawable:25.0.0] AndroidManifest.xml:21:5-43
MERGED from [com.google.android.exoplayer:exoplayer-dash:r2.4.4] AndroidManifest.xml:21:5-23:41
MERGED from [com.google.android.exoplayer:exoplayer-hls:r2.4.4] AndroidManifest.xml:21:5-23:41
MERGED from [com.google.android.exoplayer:exoplayer-smoothstreaming:r2.4.4] AndroidManifest.xml:21:5-23:41
MERGED from [com.google.android.exoplayer:exoplayer-core:r2.4.4] AndroidManifest.xml:21:5-23:41
MERGED from [com.android.support:palette-v7:25.0.0] AndroidManifest.xml:20:5-43
MERGED from [com.android.support:support-core-utils:25.0.0] AndroidManifest.xml:21:5-23:61
MERGED from [com.android.support:support-compat:25.0.0] AndroidManifest.xml:21:5-23:58
	tools:overrideLibrary
		ADDED from [com.vdopia.ads.lw:loopme-adapter:1.0.5] AndroidManifest.xml:11:9-43
	android:targetSdkVersion
		INJECTED from proj.android-studio/app/AndroidManifest.xml
		INJECTED from proj.android-studio/app/AndroidManifest.xml
	android:minSdkVersion
		INJECTED from proj.android-studio/app/AndroidManifest.xml
		INJECTED from proj.android-studio/app/AndroidManifest.xml
uses-permission#android.permission.SEND_SMS
ADDED from [com.vdopia.ads.lw:coresdk:2.5.2.12] AndroidManifest.xml:15:5-67
MERGED from [com.vdopia.ads.lw:adcolony-adapter:1.0.5] AndroidManifest.xml:15:5-67
MERGED from [com.vdopia.ads.lw:applovin-adapter:1.0.5] AndroidManifest.xml:15:5-67
MERGED from [com.vdopia.ads.lw:chartboost-adapter:1.0.7] AndroidManifest.xml:15:5-67
MERGED from [com.vdopia.ads.lw:facebook-adapter:1.0.5] AndroidManifest.xml:15:5-67
MERGED from [com.vdopia.ads.lw:google-adapter:1.0.5] AndroidManifest.xml:15:5-67
MERGED from [com.vdopia.ads.lw:inmobi-adapter:1.0.5] AndroidManifest.xml:16:5-67
MERGED from [com.vdopia.ads.lw:mopub-adapter:1.0.6] AndroidManifest.xml:16:5-67
MERGED from [com.vdopia.ads.lw:tapjoy-adapter:1.0.5] AndroidManifest.xml:15:5-67
MERGED from [com.vdopia.ads.lw:unity-adapter:1.0.7] AndroidManifest.xml:15:5-67
MERGED from [com.vdopia.ads.lw:vungle-adapter:1.0.5] AndroidManifest.xml:15:5-67
MERGED from [com.vdopia.ads.lw:yahoo-adapter:1.0.5] AndroidManifest.xml:15:5-67
	android:name
		ADDED from [com.vdopia.ads.lw:coresdk:2.5.2.12] AndroidManifest.xml:15:22-64
uses-permission#android.permission.CALL_PHONE
ADDED from [com.vdopia.ads.lw:coresdk:2.5.2.12] AndroidManifest.xml:16:5-69
MERGED from [com.vdopia.ads.lw:adcolony-adapter:1.0.5] AndroidManifest.xml:16:5-69
MERGED from [com.vdopia.ads.lw:applovin-adapter:1.0.5] AndroidManifest.xml:16:5-69
MERGED from [com.vdopia.ads.lw:chartboost-adapter:1.0.7] AndroidManifest.xml:16:5-69
MERGED from [com.vdopia.ads.lw:facebook-adapter:1.0.5] AndroidManifest.xml:16:5-69
MERGED from [com.vdopia.ads.lw:google-adapter:1.0.5] AndroidManifest.xml:16:5-69
MERGED from [com.vdopia.ads.lw:inmobi-adapter:1.0.5] AndroidManifest.xml:17:5-69
MERGED from [com.vdopia.ads.lw:mopub-adapter:1.0.6] AndroidManifest.xml:17:5-69
MERGED from [com.vdopia.ads.lw:tapjoy-adapter:1.0.5] AndroidManifest.xml:16:5-69
MERGED from [com.vdopia.ads.lw:unity-adapter:1.0.7] AndroidManifest.xml:16:5-69
MERGED from [com.vdopia.ads.lw:vungle-adapter:1.0.5] AndroidManifest.xml:16:5-69
MERGED from [com.vdopia.ads.lw:yahoo-adapter:1.0.5] AndroidManifest.xml:16:5-69
	android:name
		ADDED from [com.vdopia.ads.lw:coresdk:2.5.2.12] AndroidManifest.xml:16:22-66
uses-permission#android.permission.READ_PHONE_STATE
ADDED from [com.vdopia.ads.lw:coresdk:2.5.2.12] AndroidManifest.xml:17:5-75
MERGED from [com.vdopia.ads.lw:adcolony-adapter:1.0.5] AndroidManifest.xml:17:5-75
MERGED from [com.vdopia.ads.lw:applovin-adapter:1.0.5] AndroidManifest.xml:17:5-75
MERGED from [com.vdopia.ads.lw:chartboost-adapter:1.0.7] AndroidManifest.xml:17:5-75
MERGED from [com.vdopia.ads.lw:facebook-adapter:1.0.5] AndroidManifest.xml:17:5-75
MERGED from [com.vdopia.ads.lw:google-adapter:1.0.5] AndroidManifest.xml:17:5-75
MERGED from [com.vdopia.ads.lw:inmobi-adapter:1.0.5] AndroidManifest.xml:18:5-75
MERGED from [com.loopme:loopme-sdk:5.2.7] AndroidManifest.xml:20:5-75
MERGED from [com.vdopia.ads.lw:mopub-adapter:1.0.6] AndroidManifest.xml:18:5-75
MERGED from [com.vdopia.ads.lw:tapjoy-adapter:1.0.5] AndroidManifest.xml:17:5-75
MERGED from [com.vdopia.ads.lw:unity-adapter:1.0.7] AndroidManifest.xml:17:5-75
MERGED from [com.vdopia.ads.lw:vungle-adapter:1.0.5] AndroidManifest.xml:17:5-75
MERGED from [com.vdopia.ads.lw:yahoo-adapter:1.0.5] AndroidManifest.xml:17:5-75
	android:name
		ADDED from [com.vdopia.ads.lw:coresdk:2.5.2.12] AndroidManifest.xml:17:22-72
uses-permission#android.permission.READ_CALENDAR
ADDED from [com.vdopia.ads.lw:coresdk:2.5.2.12] AndroidManifest.xml:18:5-72
MERGED from [com.vdopia.ads.lw:adcolony-adapter:1.0.5] AndroidManifest.xml:18:5-72
MERGED from [com.vdopia.ads.lw:applovin-adapter:1.0.5] AndroidManifest.xml:18:5-72
MERGED from [com.vdopia.ads.lw:chartboost-adapter:1.0.7] AndroidManifest.xml:18:5-72
MERGED from [com.vdopia.ads.lw:facebook-adapter:1.0.5] AndroidManifest.xml:18:5-72
MERGED from [com.vdopia.ads.lw:google-adapter:1.0.5] AndroidManifest.xml:18:5-72
MERGED from [com.vdopia.ads.lw:inmobi-adapter:1.0.5] AndroidManifest.xml:19:5-72
MERGED from [com.vdopia.ads.lw:mopub-adapter:1.0.6] AndroidManifest.xml:19:5-72
MERGED from [com.vdopia.ads.lw:tapjoy-adapter:1.0.5] AndroidManifest.xml:18:5-72
MERGED from [com.vdopia.ads.lw:unity-adapter:1.0.7] AndroidManifest.xml:18:5-72
MERGED from [com.vdopia.ads.lw:vungle-adapter:1.0.5] AndroidManifest.xml:18:5-72
MERGED from [com.vdopia.ads.lw:yahoo-adapter:1.0.5] AndroidManifest.xml:18:5-72
	android:name
		ADDED from [com.vdopia.ads.lw:coresdk:2.5.2.12] AndroidManifest.xml:18:22-69
uses-permission#android.permission.WRITE_CALENDAR
ADDED from [com.vdopia.ads.lw:coresdk:2.5.2.12] AndroidManifest.xml:19:5-73
MERGED from [com.vdopia.ads.lw:adcolony-adapter:1.0.5] AndroidManifest.xml:19:5-73
MERGED from [com.vdopia.ads.lw:applovin-adapter:1.0.5] AndroidManifest.xml:19:5-73
MERGED from [com.vdopia.ads.lw:chartboost-adapter:1.0.7] AndroidManifest.xml:19:5-73
MERGED from [com.vdopia.ads.lw:facebook-adapter:1.0.5] AndroidManifest.xml:19:5-73
MERGED from [com.vdopia.ads.lw:google-adapter:1.0.5] AndroidManifest.xml:19:5-73
MERGED from [com.vdopia.ads.lw:inmobi-adapter:1.0.5] AndroidManifest.xml:20:5-73
MERGED from [com.vdopia.ads.lw:mopub-adapter:1.0.6] AndroidManifest.xml:20:5-73
MERGED from [com.vdopia.ads.lw:tapjoy-adapter:1.0.5] AndroidManifest.xml:19:5-73
MERGED from [com.vdopia.ads.lw:unity-adapter:1.0.7] AndroidManifest.xml:19:5-73
MERGED from [com.vdopia.ads.lw:vungle-adapter:1.0.5] AndroidManifest.xml:19:5-73
MERGED from [com.vdopia.ads.lw:yahoo-adapter:1.0.5] AndroidManifest.xml:19:5-73
	android:name
		ADDED from [com.vdopia.ads.lw:coresdk:2.5.2.12] AndroidManifest.xml:19:22-70
uses-permission#android.permission.ACCESS_FINE_LOCATION
ADDED from [com.vdopia.ads.lw:coresdk:2.5.2.12] AndroidManifest.xml:20:5-79
MERGED from [com.vdopia.ads.lw:adcolony-adapter:1.0.5] AndroidManifest.xml:20:5-79
MERGED from [com.vdopia.ads.lw:applovin-adapter:1.0.5] AndroidManifest.xml:20:5-79
MERGED from [com.vdopia.ads.lw:chartboost-adapter:1.0.7] AndroidManifest.xml:20:5-79
MERGED from [com.vdopia.ads.lw:facebook-adapter:1.0.5] AndroidManifest.xml:20:5-79
MERGED from [com.vdopia.ads.lw:google-adapter:1.0.5] AndroidManifest.xml:20:5-79
MERGED from [com.vdopia.ads.lw:inmobi-adapter:1.0.5] AndroidManifest.xml:21:5-79
MERGED from [com.loopme:loopme-sdk:5.2.7] AndroidManifest.xml:17:5-79
MERGED from [com.vdopia.ads.lw:mopub-adapter:1.0.6] AndroidManifest.xml:21:5-79
MERGED from [com.vdopia.ads.lw:tapjoy-adapter:1.0.5] AndroidManifest.xml:20:5-79
MERGED from [com.vdopia.ads.lw:unity-adapter:1.0.7] AndroidManifest.xml:20:5-79
MERGED from [com.vdopia.ads.lw:vungle-adapter:1.0.5] AndroidManifest.xml:20:5-79
MERGED from [com.vdopia.ads.lw:yahoo-adapter:1.0.5] AndroidManifest.xml:20:5-79
	android:name
		ADDED from [com.vdopia.ads.lw:coresdk:2.5.2.12] AndroidManifest.xml:20:22-76
uses-permission#android.permission.ACCESS_COARSE_LOCATION
ADDED from [com.vdopia.ads.lw:coresdk:2.5.2.12] AndroidManifest.xml:21:5-81
MERGED from [com.vdopia.ads.lw:adcolony-adapter:1.0.5] AndroidManifest.xml:21:5-81
MERGED from [com.vdopia.ads.lw:applovin-adapter:1.0.5] AndroidManifest.xml:21:5-81
MERGED from [com.vdopia.ads.lw:chartboost-adapter:1.0.7] AndroidManifest.xml:21:5-81
MERGED from [com.vdopia.ads.lw:facebook-adapter:1.0.5] AndroidManifest.xml:21:5-81
MERGED from [com.vdopia.ads.lw:google-adapter:1.0.5] AndroidManifest.xml:21:5-81
MERGED from [com.vdopia.ads.lw:inmobi-adapter:1.0.5] AndroidManifest.xml:22:5-81
MERGED from [com.loopme:loopme-sdk:5.2.7] AndroidManifest.xml:16:5-81
MERGED from [com.vdopia.ads.lw:mopub-adapter:1.0.6] AndroidManifest.xml:22:5-81
MERGED from [com.vdopia.ads.lw:tapjoy-adapter:1.0.5] AndroidManifest.xml:21:5-81
MERGED from [com.vdopia.ads.lw:unity-adapter:1.0.7] AndroidManifest.xml:21:5-81
MERGED from [com.vdopia.ads.lw:vungle-adapter:1.0.5] AndroidManifest.xml:21:5-81
MERGED from [com.vdopia.ads.lw:yahoo-adapter:1.0.5] AndroidManifest.xml:21:5-81
	android:name
		ADDED from [com.vdopia.ads.lw:coresdk:2.5.2.12] AndroidManifest.xml:21:22-78
activity#com.vdopia.ads.lw.LVDOAdActivity
ADDED from [com.vdopia.ads.lw:coresdk:2.5.2.12] AndroidManifest.xml:26:9-29:75
	android:configChanges
		ADDED from [com.vdopia.ads.lw:coresdk:2.5.2.12] AndroidManifest.xml:28:13-122
	android:theme
		ADDED from [com.vdopia.ads.lw:coresdk:2.5.2.12] AndroidManifest.xml:29:13-72
	android:name
		ADDED from [com.vdopia.ads.lw:coresdk:2.5.2.12] AndroidManifest.xml:27:13-60
activity#com.vdopia.ads.lw.mraid.VDOBrowserActivity
ADDED from [com.vdopia.ads.lw:coresdk:2.5.2.12] AndroidManifest.xml:30:9-32:125
	android:configChanges
		ADDED from [com.vdopia.ads.lw:coresdk:2.5.2.12] AndroidManifest.xml:32:13-122
	android:name
		ADDED from [com.vdopia.ads.lw:coresdk:2.5.2.12] AndroidManifest.xml:31:13-70
activity#com.adcolony.sdk.AdColonyInterstitialActivity
ADDED from [com.vdopia.ads.lw:adcolony-adapter:1.0.5] AndroidManifest.xml:26:9-29:50
	android:hardwareAccelerated
		ADDED from [com.vdopia.ads.lw:adcolony-adapter:1.0.5] AndroidManifest.xml:29:13-47
	android:configChanges
		ADDED from [com.vdopia.ads.lw:adcolony-adapter:1.0.5] AndroidManifest.xml:28:13-122
	android:name
		ADDED from [com.vdopia.ads.lw:adcolony-adapter:1.0.5] AndroidManifest.xml:27:13-73
activity#com.adcolony.sdk.AdColonyAdViewActivity
ADDED from [com.vdopia.ads.lw:adcolony-adapter:1.0.5] AndroidManifest.xml:30:9-33:50
	android:hardwareAccelerated
		ADDED from [com.vdopia.ads.lw:adcolony-adapter:1.0.5] AndroidManifest.xml:33:13-47
	android:configChanges
		ADDED from [com.vdopia.ads.lw:adcolony-adapter:1.0.5] AndroidManifest.xml:32:13-122
	android:name
		ADDED from [com.vdopia.ads.lw:adcolony-adapter:1.0.5] AndroidManifest.xml:31:13-67
activity#com.applovin.adview.AppLovinInterstitialActivity
ADDED from [com.vdopia.ads.lw:applovin-adapter:1.0.5] AndroidManifest.xml:26:9-28:62
	android:configChanges
		ADDED from [com.vdopia.ads.lw:applovin-adapter:1.0.5] AndroidManifest.xml:28:13-59
	android:name
		ADDED from [com.vdopia.ads.lw:applovin-adapter:1.0.5] AndroidManifest.xml:27:13-76
activity#com.applovin.adview.AppLovinConfirmationActivity
ADDED from [com.vdopia.ads.lw:applovin-adapter:1.0.5] AndroidManifest.xml:29:9-31:62
	android:configChanges
		ADDED from [com.vdopia.ads.lw:applovin-adapter:1.0.5] AndroidManifest.xml:31:13-59
	android:name
		ADDED from [com.vdopia.ads.lw:applovin-adapter:1.0.5] AndroidManifest.xml:30:13-76
activity#com.duapps.ad.video.VideoFullScreenActivity
ADDED from [com.vdopia.ads.lw:baidu-adapter:1.0.5] AndroidManifest.xml:42:9-46:54
	android:hardwareAccelerated